
Showing logs for build [32mcb-kubecd-environment-pr-206-63-qwzxp-1[0m stage [32mfrom-build-pack[0m and container [32mstep-credential-initializer-bt8xt[0m
{"level":"info","ts":1587589209.4577448,"logger":"fallback-logger","caller":"logging/config.go:69","msg":"Fetch GitHub commit ID from kodata failed: open /var/run/ko/refs/heads/0.8.0-ns-support: no such file or directory"}
{"level":"info","ts":1587589209.4587483,"logger":"fallback-logger","caller":"creds-init/main.go:40","msg":"Credentials initialized."}

Showing logs for build [32mcb-kubecd-environment-pr-206-63-qwzxp-1[0m stage [32mfrom-build-pack[0m and container [32mstep-working-dir-initializer-mhnbt[0m
{"level":"info","ts":1587589210.4779649,"logger":"fallback-logger","caller":"logging/config.go:69","msg":"Fetch GitHub commit ID from kodata failed: open /var/run/ko/HEAD: no such file or directory"}
{"level":"info","ts":1587589210.4845443,"logger":"fallback-logger","caller":"bash/main.go:64","msg":"Successfully executed command \"sh -c mkdir -p /workspace/source\"; output "}

Showing logs for build [32mcb-kubecd-environment-pr-206-63-qwzxp-1[0m stage [32mfrom-build-pack[0m and container [32mstep-place-tools[0m

Showing logs for build [32mcb-kubecd-environment-pr-206-63-qwzxp-1[0m stage [32mfrom-build-pack[0m and container [32mstep-git-source-cb-kubecd-environment-pr-206-63-qwzxp-rlbqp[0m
{"level":"info","ts":1587589215.5876951,"logger":"fallback-logger","caller":"logging/config.go:69","msg":"Fetch GitHub commit ID from kodata failed: open /var/run/ko/refs/heads/0.8.0-ns-support: no such file or directory"}
{"level":"info","ts":1587589216.6422086,"logger":"fallback-logger","caller":"git/git.go:103","msg":"Successfully cloned https://github.com/cb-kubecd/environment-pr-206-63-boot-vault-gke-production.git @ master in path /workspace/source"}

Showing logs for build [32mcb-kubecd-environment-pr-206-63-qwzxp-1[0m stage [32mfrom-build-pack[0m and container [32mstep-git-merge[0m
Using SHAs from PULL_REFS=master:bb3f007760d4d8734b1b17aec0dcb116345712df,1:eb01437e1c182b604a758b202f3e6cbf1fdcf10e
DEBUG: LC_ALL=C JX_LOG_LEVEL=error git fetch origin --unshallow eb01437e1c182b604a758b202f3e6cbf1fdcf10e: bb3f007760d4d8734b1b17aec0dcb116345712df:
DEBUG: ran git fetch --unshallow origin eb01437e1c182b604a758b202f3e6cbf1fdcf10e: bb3f007760d4d8734b1b17aec0dcb116345712df: in 
DEBUG: LC_ALL=C JX_LOG_LEVEL=error git branch
DEBUG: JX_LOG_LEVEL=error LC_ALL=C git checkout master
DEBUG: ran git checkout master in 
DEBUG: JX_LOG_LEVEL=error LC_ALL=C git reset --hard bb3f007760d4d8734b1b17aec0dcb116345712df
DEBUG: ran git reset --hard bb3f007760d4d8734b1b17aec0dcb116345712df in 
DEBUG: JX_LOG_LEVEL=error LC_ALL=C git clean -fd .
DEBUG: ran clean --force -d . in 
DEBUG: JX_LOG_LEVEL=error LC_ALL=C git merge eb01437e1c182b604a758b202f3e6cbf1fdcf10e
DEBUG: ran git merge eb01437e1c182b604a758b202f3e6cbf1fdcf10e in 
DEBUG: LC_ALL=C JX_LOG_LEVEL=error git log --format=%H%x1f%an%x1f%ae%x1f%cn%x1f%ce%x1f%s%n%b%x1e bb3f007760d4d8734b1b17aec0dcb116345712df..HEAD
Merged SHA eb01437e1c182b604a758b202f3e6cbf1fdcf10e with commit message 'chore: Promote bdd-spring-1587587836 to version 0.0.1' into base branch master

Showing logs for build [32mcb-kubecd-environment-pr-206-63-qwzxp-1[0m stage [32mfrom-build-pack[0m and container [32mstep-build-helm-build[0m
WARNING: No $CHART_REPOSITORY defined so using the default value of: http://jenkins-x-chartmuseum:8080
Adding missing Helm repo: storage.googleapis.com https://storage.googleapis.com/chartmuseum.jenkins-x.io
WARNING: No secrets found on "helm/repos" due: reading the secret "helm/repos" from vault: no secret "helm/repos" not found in vault
Read credentials for https://storage.googleapis.com/chartmuseum.jenkins-x.io from vault helm/repos
Successfully added Helm repository storage.googleapis.com.
Adding missing Helm repo: jenkins-x-chartmuseum http://jenkins-x-chartmuseum:8080
WARNING: No secrets found on "helm/repos" due: reading the secret "helm/repos" from vault: no secret "helm/repos" not found in vault
Read credentials for http://jenkins-x-chartmuseum:8080 from vault helm/repos
Successfully added Helm repository jenkins-x-chartmuseum.
WARNING: No $CHART_REPOSITORY defined so using the default value of: http://jenkins-x-chartmuseum:8080
Adding missing Helm repo: chartmuseum.jenkins-x.io http://chartmuseum.jenkins-x.io
WARNING: No secrets found on "helm/repos" due: reading the secret "helm/repos" from vault: no secret "helm/repos" not found in vault
Read credentials for http://chartmuseum.jenkins-x.io from vault helm/repos
Successfully added Helm repository chartmuseum.jenkins-x.io.
